1 2189
2 2125
3 1768
4 2184
5 1292
6 1471
7 1408
8 1221
9 2195
10 1529
11 2241
12 1231
13 2186
14 1658
15 1778
16 1353
17 1779
18 2122
19 2075
20 1659
21 1643
22 1705
23 1228
24 2061
25 1404
26 1410
27 1234
28 1235
29 2001
30 1894
31 1775
32 1236
33 1888
34 1407
35 1469
36 1892
37 1599
38 1402
39 1283
40 1582
41 2183
42 2133
43 1289
44 1719
45 1293
46 1656
47 1295
48 1941
49 1465
50 1462
51 1834
52 1827
53 1821
54 1237
55 1467
56 1899
57 1715
58 1530
59 1463
60 1532
61 1479
62 1417
63 2196
64 1296
65 2188
66 1765
67 1524
68 1581
69 1776
70 2062
71 1281
72 1290
73 1706
74 1474
75 1468
76 1596
77 1771
78 2076
79 1225
80 1886
81 1409
82 1539
83 1345
84 2065
85 1344
86 1830
87 1403
88 1226
89 1412
90 2199
91 1352
92 1595
93 1522
94 1355
95 1232
96 2187
97 2128
98 1349
99 2242
100 1521
101 1896
102 2185
103 1359
104 1526
105 1833
106 2004
107 2063
108 2198
109 1655
110 1717
111 1836
112 1413
113 1405
114 1583
115 2068
116 1654
117 1348
118 1464
119 1523
120 1641
121 1772
122 1584
123 1598
124 1767
125 2072
126 1644
127 2006
128 2019
129 1411
130 1713
131 1229
132 2192
133 1591
134 1282
135 1239
136 1769
137 1708
138 2181
139 1461
140 1342
141 1709
142 1531
143 1831
144 1592
145 1649
146 1642
147 2197
148 2127
149 1525
150 1716
151 1538
152 1714
153 1419
154 1343
155 1774
156 1294
157 1898
158 1535
159 1652
160 2123
161 1401
162 1837
163 1897
164 1701
165 1956
166 1646
167 1238
168 1230
169 1704
170 1291
171 2121
172 1593
173 1881
174 1284
175 1829
176 2005
177 1223
178 1466
179 2079
180 1224
181 2138
182 1839
183 1895
184 1534
185 2191
186 1233
187 2194
188 2134
189 2129
190 1416
191 2130
192 1766
193 2124
194 1475
195 1645
196 2132
197 1299
198 1828
199 2078
200 1770
201 1653
202 1647
203 1586
204 1589
205 2002
206 1946
207 1702
208 1341
209 1527
210 2070
211 2137
212 1528
213 1835
214 2064
215 1718
216 1773
217 1478
218 1354
219 1418
220 1594
221 1710
222 2182
223 1477
224 1356
225 1298
226 1777
227 1406
228 1285
229 1942
230 2071
231 2193
232 1585
233 2136
234 1945
235 1889
236 1948
237 1288
238 1957
239 1476
240 2066
241 1893
242 1227
243 1358
244 1357
245 1597
246 1470
247 1473
248 2069
249 1882
250 2135
251 1651
252 1533
253 1887
254 1657
255 1415
256 2077
257 2067
258 1414
259 1222
260 1959
261 1838
262 2003
263 1346
264 1822
265 1832
266 1707
267 1953
268 1350
269 1883
270 1823
271 1890
272 1826
273 1650
274 2008
275 2126
276 2131
277 1537
278 2007
279 1951
280 1954
281 1297
282 1351
283 2074
284 1712
285 2010
286 1761
287 1947
288 1763
289 1347
290 1286
291 1536
292 1472
293 1952
294 2018
295 1648
296 2011
297 1287
298 2014
299 2015
300 2013
301 1762
302 1703
303 1824
304 1590
305 1587
306 1958
307 2017
308 2016
309 2012
310 1950
311 1825
312 2073
313 1764
314 1588
315 2190
316 2139
317 1891
318 1943
319 1884
320 1711
321 1885
322 1949
323 1955
324 2009
325 1944
